The system is: Linux - 5.10.102.1-microsoft-standard-WSL2 - x86_64
Compiling the C compiler identification source file "CMakeCCompilerId.c" succeeded.
Compiler: /usr/bin/gcc 
Build flags: 
Id flags:  

The output was:
0


Compilation of the C compiler identification source "CMakeCCompilerId.c" produced "a.out"

The C compiler identification is GNU, found in "/mnt/e/Codes/cpp/prenderer/build/CMakeFiles/3.16.3/CompilerIdC/a.out"

Compiling the CXX compiler identification source file "CMakeCXXCompilerId.cpp" succeeded.
Compiler: /usr/bin/g++ 
Build flags: 
Id flags:  

The output was:
0


Compilation of the CXX compiler identification source "CMakeCXXCompilerId.cpp" produced "a.out"

The CXX compiler identification is GNU, found in "/mnt/e/Codes/cpp/prenderer/build/CMakeFiles/3.16.3/CompilerIdCXX/a.out"

Determining if the C compiler works passed with the following output:
Change Dir: /mnt/e/Codes/cpp/prenderer/build/CMakeFiles/CMakeTmp

Run Build Command(s):/usr/bin/make cmTC_67e11/fast && /usr/bin/make -f CMakeFiles/cmTC_67e11.dir/build.make CMakeFiles/cmTC_67e11.dir/build
make[1]: Entering directory '/mnt/e/Codes/cpp/prenderer/build/CMakeFiles/CMakeTmp'
Building C object CMakeFiles/cmTC_67e11.dir/testCCompiler.c.o
/usr/bin/gcc    -o CMakeFiles/cmTC_67e11.dir/testCCompiler.c.o   -c /mnt/e/Codes/cpp/prenderer/build/CMakeFiles/CMakeTmp/testCCompiler.c
Linking C executable cmTC_67e11
/usr/bin/cmake -E cmake_link_script CMakeFiles/cmTC_67e11.dir/link.txt --verbose=1
/usr/bin/gcc      -rdynamic CMakeFiles/cmTC_67e11.dir/testCCompiler.c.o  -o cmTC_67e11 
make[1]: Leaving directory '/mnt/e/Codes/cpp/prenderer/build/CMakeFiles/CMakeTmp'



Determining if the CXX compiler works passed with the following output:
Change Dir: /mnt/e/Codes/cpp/prenderer/build/CMakeFiles/CMakeTmp

Run Build Command(s):/usr/bin/make cmTC_028a6/fast && /usr/bin/make -f CMakeFiles/cmTC_028a6.dir/build.make CMakeFiles/cmTC_028a6.dir/build
make[1]: Entering directory '/mnt/e/Codes/cpp/prenderer/build/CMakeFiles/CMakeTmp'
Building CXX object CMakeFiles/cmTC_028a6.dir/testCXXCompiler.cxx.o
/usr/bin/g++     -o CMakeFiles/cmTC_028a6.dir/testCXXCompiler.cxx.o -c /mnt/e/Codes/cpp/prenderer/build/CMakeFiles/CMakeTmp/testCXXCompiler.cxx
Linking CXX executable cmTC_028a6
/usr/bin/cmake -E cmake_link_script CMakeFiles/cmTC_028a6.dir/link.txt --verbose=1
/usr/bin/g++       -rdynamic CMakeFiles/cmTC_028a6.dir/testCXXCompiler.cxx.o  -o cmTC_028a6 
make[1]: Leaving directory '/mnt/e/Codes/cpp/prenderer/build/CMakeFiles/CMakeTmp'



